[2025-12-21 09:32:17,978] ERROR: ❌ CRITICAL: Domain resolution failed for https://www.olx.uz/nedvizhimost/posutochno_pochasovo/dachi/tashkent/?currency=UZS
[2025-12-21 09:32:17,978] ERROR: The OLX.uz domain appears to be unavailable or no longer operational.
[2025-12-21 09:32:17,978] ERROR: Possible reasons:
[2025-12-21 09:32:17,978] ERROR:   1. OLX.uz service has been discontinued in Uzbekistan
[2025-12-21 09:32:17,978] ERROR:   2. The domain has migrated to a different URL
[2025-12-21 09:32:17,978] ERROR:   3. Network/DNS configuration issues
[2025-12-21 09:32:17,978] ERROR: 
[2025-12-21 09:32:17,978] ERROR: ACTION REQUIRED:
[2025-12-21 09:32:17,978] ERROR:   - Verify if OLX.uz is still operational
[2025-12-21 09:32:17,978] ERROR:   - Check for alternative domains or platforms
[2025-12-21 09:32:17,978] ERROR:   - Update OLX_START_URL in the configuration if domain has changed
[2025-12-21 09:35:31,839] ERROR: ❌ CRITICAL: Domain resolution failed for https://www.olx.uz/nedvizhimost/posutochno_pochasovo/dachi/tashkent/?currency=UZS
[2025-12-21 09:35:31,839] ERROR: The OLX.uz domain appears to be unavailable or no longer operational.
[2025-12-21 09:35:31,839] ERROR: Possible reasons:
[2025-12-21 09:35:31,839] ERROR:   1. OLX.uz service has been discontinued in Uzbekistan
[2025-12-21 09:35:31,839] ERROR:   2. The domain has migrated to a different URL
[2025-12-21 09:35:31,839] ERROR:   3. Network/DNS configuration issues
[2025-12-21 09:35:31,839] ERROR: 
[2025-12-21 09:35:31,839] ERROR: ACTION REQUIRED:
[2025-12-21 09:35:31,839] ERROR:   - Verify if OLX.uz is still operational
[2025-12-21 09:35:31,840] ERROR:   - Check for alternative domains or platforms
[2025-12-21 09:35:31,840] ERROR:   - Update OLX_START_URL in the configuration if domain has changed
